<?xml version="1.0" encoding="UTF-8"?>
<!-- Generated by org.testng.reporters.JUnitXMLReporter -->
<testsuite hostname="DELL" ignored="6" name="UPLI_loan" tests="3" failures="0" timestamp="2020-12-09T15:09:22 IST" time="0.114" errors="0">
  <testcase name="mobileloan" time="0.02" classname="com.TestNG.Carloan"/>
  <testcase name="APLloan" time="0.002" classname="com.TestNG.Mobileloan"/>
  <testcase name="Personalloan" time="0.007" classname="com.TestNG.Homeloan"/>
  <testcase name="mobileloan" time="0.0" classname="com.TestNG.Mobileloan">
    <ignored/>
  </testcase> <!-- mobileloan -->
  <testcase name="mobileloan" time="0.0" classname="com.TestNG.Homeloan">
    <ignored/>
  </testcase> <!-- mobileloan -->
  <testcase name="Personalloan" time="0.0" classname="com.TestNG.Carloan">
    <ignored/>
  </testcase> <!-- Personalloan -->
  <testcase name="APLloan" time="0.0" classname="com.TestNG.Homeloan">
    <ignored/>
  </testcase> <!-- APLloan -->
  <testcase name="Personalloan" time="0.0" classname="com.TestNG.Mobileloan">
    <ignored/>
  </testcase> <!-- Personalloan -->
  <testcase name="APLloan" time="0.0" classname="com.TestNG.Carloan">
    <ignored/>
  </testcase> <!-- APLloan -->
</testsuite> <!-- UPLI_loan -->
