<?xml version="1.0" encoding="UTF-8"?>
<!-- Generated by org.testng.reporters.JUnitXMLReporter -->
<testsuite hostname="DELL" ignored="0" name="Mytransform" tests="8" failures="2" timestamp="2020-12-14T19:42:16 IST" time="0.248" errors="0">
  <testcase name="test1" time="0.026" classname="mytest.EXAMPLE">
    <skipped/>
  </testcase> <!-- test1 -->
  <testcase name="test1" time="0.003" classname="mytest.EXAMPLE">
    <skipped/>
  </testcase> <!-- test1 -->
  <testcase name="test1" time="0.003" classname="mytest.EXAMPLE">
    <skipped/>
  </testcase> <!-- test1 -->
  <testcase name="test1" time="0.004" classname="mytest.EXAMPLE">
    <failure type="java.lang.AssertionError" message="expected [true] but found [false]">
      <![CDATA[java.lang.AssertionError: expected [true] but found [false]
at mytest.EXAMPLE.test1(EXAMPLE.java:13)
at java.util.ArrayList.forEach(Unknown Source)
... Removed 33 stack frames]]>
    </failure>
  </testcase> <!-- test1 -->
  <testcase name="test2" time="0.008" classname="mytest.EXAMPLE">
    <skipped/>
  </testcase> <!-- test2 -->
  <testcase name="test2" time="0.005" classname="mytest.EXAMPLE">
    <skipped/>
  </testcase> <!-- test2 -->
  <testcase name="test2" time="0.01" classname="mytest.EXAMPLE">
    <skipped/>
  </testcase> <!-- test2 -->
  <testcase name="test2" time="0.005" classname="mytest.EXAMPLE">
    <failure type="java.lang.AssertionError" message="expected [true] but found [false]">
      <![CDATA[java.lang.AssertionError: expected [true] but found [false]
at mytest.EXAMPLE.test2(EXAMPLE.java:17)
at java.util.ArrayList.forEach(Unknown Source)
... Removed 33 stack frames]]>
    </failure>
  </testcase> <!-- test2 -->
</testsuite> <!-- Mytransform -->
