<?xml version="1.0" encoding="UTF-8"?>
<!-- Generated by org.testng.reporters.JUnitXMLReporter -->
<testsuite hostname="DELL" ignored="0" name="Test" tests="2" failures="1" timestamp="2020-12-14T18:00:02 IST" time="0.178" errors="0">
  <testcase name="test1" time="0.018" classname="com.TestNG.listeners.Demo"/>
  <testcase name="test2" time="0.015" classname="com.TestNG.listeners.Demo">
    <failure type="java.lang.AssertionError" message="expected [true] but found [false]">
      <![CDATA[java.lang.AssertionError: expected [true] but found [false]
at com.TestNG.listeners.Demo.test2(Demo.java:14)
at java.util.ArrayList.forEach(Unknown Source)
... Removed 31 stack frames]]>
    </failure>
  </testcase> <!-- test2 -->
</testsuite> <!-- Test -->
