<?xml version="1.0" encoding="UTF-8"?>
<!-- Generated by org.testng.reporters.JUnitXMLReporter -->
<testsuite hostname="DELL" ignored="1" name="IncludeTestcase" tests="2" failures="0" timestamp="2020-12-11T16:58:55 IST" time="0.101" errors="0">
  <testcase name="test_case1" time="0.019" classname="com.TestNG.RegularExpresion"/>
  <testcase name="test_case2" time="0.002" classname="com.TestNG.RegularExpresion"/>
  <testcase name="test_case3" time="0.0" classname="com.TestNG.RegularExpresion">
    <ignored/>
  </testcase> <!-- test_case3 -->
</testsuite> <!-- IncludeTestcase -->
