<?xml version="1.0" encoding="UTF-8"?>
<!-- Generated by org.testng.reporters.JUnitXMLReporter -->
<testsuite hostname="DELL" ignored="0" name="Parameters" tests="3" failures="0" timestamp="2020-12-12T16:13:17 IST" time="0.121" errors="0">
  <testcase name="sum" time="0.016" classname="com.TestNG.Parameters.Sum"/>
  <testcase name="Sub" time="0.005" classname="com.TestNG.Parameters.Subtract"/>
  <testcase name="mul" time="0.001" classname="com.TestNG.Parameters.Multiplication"/>
</testsuite> <!-- Parameters -->
